<?xml version="1.0" encoding="UTF-8"?>
<!-- Generated by org.testng.reporters.JUnitXMLReporter -->
<testsuite hostname="Gabrielp" ignored="0" name="Command line test" tests="3" failures="3" timestamp="18 avr. 2018 11:22:44 GMT" time="0.048" errors="0">
  <testcase name="testPosition" time="0.003" classname="dao.EchecsDaoNGTest">
    <failure type="java.lang.AssertionError" message="The test case is a prototype.">
      <![CDATA[java.lang.AssertionError: The test case is a prototype.
at dao.EchecsDaoNGTest.testPosition(EchecsDaoNGTest.java:66)
... Removed 35 stack frames]]>
    </failure>
  </testcase> <!-- testPosition -->
  <testcase name="testReadEchec" time="0.007" classname="dao.EchecsDaoNGTest">
    <failure type="java.lang.AssertionError" message="Collections not equal: expected: null and actual: [2772 : Grischuk Alexander - RUS, 1000 : Jean Mi - Dui]">
      <![CDATA[java.lang.AssertionError: Collections not equal: expected: null and actual: [2772 : Grischuk Alexander - RUS, 1000 : Jean Mi - Dui]
at dao.EchecsDaoNGTest.testReadEchec(EchecsDaoNGTest.java:50)
... Removed 37 stack frames]]>
    </failure>
  </testcase> <!-- testReadEchec -->
  <testcase name="testWriteEchec" time="0.001" classname="dao.EchecsDaoNGTest">
    <failure type="java.lang.AssertionError" message="The test case is a prototype.">
      <![CDATA[java.lang.AssertionError: The test case is a prototype.
at dao.EchecsDaoNGTest.testWriteEchec(EchecsDaoNGTest.java:78)
... Removed 35 stack frames]]>
    </failure>
  </testcase> <!-- testWriteEchec -->
</testsuite> <!-- Command line test -->
