<?xml version="1.0" encoding="UTF-8"?>
<!-- Generated by org.testng.reporters.JUnitXMLReporter -->
<testsuite hostname="Gabrielp" ignored="0" name="Command line test" tests="8" failures="0" timestamp="09 mai 2018 20:08:15 GMT" time="0.274" errors="0">
  <testcase name="testPosition" time="0.001" classname="dao.EchecsDaoNGTest"/>
  <testcase name="testReadEchec" time="0.019" classname="dao.EchecsDaoNGTest"/>
  <testcase name="testCompareTo" time="0.0" classname="elo.JoueurNGTest"/>
  <testcase name="testGetNom" time="0.0" classname="elo.JoueurNGTest"/>
  <testcase name="testGetPoints" time="0.0" classname="elo.JoueurNGTest"/>
  <testcase name="testToString" time="0.0" classname="elo.JoueurNGTest"/>
  <testcase name="testToText" time="0.0" classname="elo.JoueurNGTest"/>
  <testcase name="testValide" time="0.147" classname="vue.FrmNouveauNGTest"/>
</testsuite> <!-- Command line test -->
