<?xml version="1.0" encoding="UTF-8"?>
<!-- Generated by org.testng.reporters.JUnitXMLReporter -->
<testsuite hostname="Gabrielp" ignored="0" name="Command line test" tests="5" failures="0" timestamp="20 avr. 2018 06:37:06 GMT" time="0.036" errors="0">
  <testcase name="testCompareTo" time="0.003" classname="elo.JoueurNGTest"/>
  <testcase name="testGetNom" time="0.0" classname="elo.JoueurNGTest"/>
  <testcase name="testGetPoints" time="0.0" classname="elo.JoueurNGTest"/>
  <testcase name="testToString" time="0.0" classname="elo.JoueurNGTest"/>
  <testcase name="testToText" time="0.0" classname="elo.JoueurNGTest"/>
</testsuite> <!-- Command line test -->
