<?xml version="1.0" encoding="UTF-8"?>
<!-- Generated by org.testng.reporters.JUnitXMLReporter -->
<testsuite hostname="Gabrielp" ignored="0" name="Command line test" tests="5" failures="5" timestamp="18 avr. 2018 11:49:02 GMT" time="0.048" errors="0">
  <testcase name="testCompareTo" time="0.004" classname="elo.JoueurNGTest">
    <failure type="java.lang.AssertionError" message="expected [1] but found [0]">
      <![CDATA[java.lang.AssertionError: expected [1] but found [0]
at elo.JoueurNGTest.testCompareTo(JoueurNGTest.java:78)
... Removed 40 stack frames]]>
    </failure>
  </testcase> <!-- testCompareTo -->
  <testcase name="testGetNom" time="0.0" classname="elo.JoueurNGTest">
    <failure type="java.lang.AssertionError" message="The test case is a prototype.">
      <![CDATA[java.lang.AssertionError: The test case is a prototype.
at elo.JoueurNGTest.testGetNom(JoueurNGTest.java:65)
... Removed 35 stack frames]]>
    </failure>
  </testcase> <!-- testGetNom -->
  <testcase name="testGetPoints" time="0.0" classname="elo.JoueurNGTest">
    <failure type="java.lang.AssertionError" message="The test case is a prototype.">
      <![CDATA[java.lang.AssertionError: The test case is a prototype.
at elo.JoueurNGTest.testGetPoints(JoueurNGTest.java:51)
... Removed 35 stack frames]]>
    </failure>
  </testcase> <!-- testGetPoints -->
  <testcase name="testToString" time="0.001" classname="elo.JoueurNGTest">
    <failure type="java.lang.AssertionError" message="The test case is a prototype.">
      <![CDATA[java.lang.AssertionError: The test case is a prototype.
at elo.JoueurNGTest.testToString(JoueurNGTest.java:94)
... Removed 35 stack frames]]>
    </failure>
  </testcase> <!-- testToString -->
  <testcase name="testToText" time="0.0" classname="elo.JoueurNGTest">
    <failure type="java.lang.AssertionError" message="The test case is a prototype.">
      <![CDATA[java.lang.AssertionError: The test case is a prototype.
at elo.JoueurNGTest.testToText(JoueurNGTest.java:108)
... Removed 35 stack frames]]>
    </failure>
  </testcase> <!-- testToText -->
</testsuite> <!-- Command line test -->
