<?xml version="1.0" encoding="UTF-8"?>
<!-- Generated by org.testng.reporters.JUnitXMLReporter -->
<testsuite hostname="Gabrielp" ignored="0" name="Command line test" tests="1" failures="1" timestamp="18 avr. 2018 11:20:37 GMT" time="0.185" errors="0">
  <testcase name="testMain" time="0.151" classname="echecs.MainNGTest">
    <failure type="java.lang.AssertionError" message="The test case is a prototype.">
      <![CDATA[java.lang.AssertionError: The test case is a prototype.
at echecs.MainNGTest.testMain(MainNGTest.java:49)
... Removed 35 stack frames]]>
    </failure>
  </testcase> <!-- testMain -->
</testsuite> <!-- Command line test -->
