<?xml version="1.0" encoding="UTF-8" ?>
<testsuite tests="5" failures="5" name="elo.JoueurNGTest" time="0.508" errors="0" skipped="0">
  <properties>
[...]
</properties>
  <testcase classname="elo.JoueurNGTest" name="testCompareTo" time="0.009">
    <failure message="expected [1] but found [0]" type="java.lang.AssertionError">java.lang.AssertionError: expected [1] but found [0]
	at org.testng.Assert.fail(Assert.java:96)
	at org.testng.Assert.failNotEquals(Assert.java:776)
	at org.testng.Assert.assertEqualsImpl(Assert.java:137)
	at org.testng.Assert.assertEquals(Assert.java:118)
	at org.testng.Assert.assertEquals(Assert.java:652)
	at org.testng.Assert.assertEquals(Assert.java:662)
	at elo.JoueurNGTest.testCompareTo(JoueurNGTest.java:78)
</failure>
    <system-out>compareTo
</system-out>
  </testcase>
  <testcase classname="elo.JoueurNGTest" name="testGetNom" time="0">
    <failure message="The test case is a prototype." type="java.lang.AssertionError">java.lang.AssertionError: The test case is a prototype.
	at org.testng.Assert.fail(Assert.java:96)
	at elo.JoueurNGTest.testGetNom(JoueurNGTest.java:65)
</failure>
    <system-out>getNom
</system-out>
  </testcase>
  <testcase classname="elo.JoueurNGTest" name="testGetPoints" time="0">
    <failure message="The test case is a prototype." type="java.lang.AssertionError">java.lang.AssertionError: The test case is a prototype.
	at org.testng.Assert.fail(Assert.java:96)
	at elo.JoueurNGTest.testGetPoints(JoueurNGTest.java:51)
</failure>
    <system-out>getPoints
</system-out>
  </testcase>
  <testcase classname="elo.JoueurNGTest" name="testToString" time="0">
    <failure message="The test case is a prototype." type="java.lang.AssertionError">java.lang.AssertionError: The test case is a prototype.
	at org.testng.Assert.fail(Assert.java:96)
	at elo.JoueurNGTest.testToString(JoueurNGTest.java:94)
</failure>
    <system-out>toString
</system-out>
  </testcase>
  <testcase classname="elo.JoueurNGTest" name="testToText" time="0.002">
    <failure message="The test case is a prototype." type="java.lang.AssertionError">java.lang.AssertionError: The test case is a prototype.
	at org.testng.Assert.fail(Assert.java:96)
	at elo.JoueurNGTest.testToText(JoueurNGTest.java:108)
</failure>
    <system-out>toText
</system-out>
  </testcase>
</testsuite>