<?xml version="1.0" encoding="UTF-8"?>
<testng-results skipped="0" failed="0" ignored="0" total="2" passed="2">
  <reporter-output>
  </reporter-output>
  <suite name="dao.EchecsDaoNGTest" duration-ms="486" started-at="2018-05-09T20:21:20Z" finished-at="2018-05-09T20:21:21Z">
    <groups>
    </groups>
    <test name="Command line test" duration-ms="486" started-at="2018-05-09T20:21:20Z" finished-at="2018-05-09T20:21:21Z">
      <class name="dao.EchecsDaoNGTest">
        <test-method status="PASS" signature="setUpClass()[pri:0, instance:dao.EchecsDaoNGTest@2133c8f8]" name="setUpClass" is-config="true" duration-ms="358" started-at="2018-05-09T20:21:20Z" finished-at="2018-05-09T20:21:21Z">
          <reporter-output>
          </reporter-output>
        </test-method> <!-- setUpClass -->
        <test-method status="PASS" signature="setUpMethod()[pri:0, instance:dao.EchecsDaoNGTest@2133c8f8]" name="setUpMethod" is-config="true" duration-ms="0" started-at="2018-05-09T20:21:21Z" finished-at="2018-05-09T20:21:21Z">
          <reporter-output>
          </reporter-output>
        </test-method> <!-- setUpMethod -->
        <test-method status="PASS" signature="testPosition()[pri:0, instance:dao.EchecsDaoNGTest@2133c8f8]" name="testPosition" duration-ms="7" started-at="2018-05-09T20:21:21Z" finished-at="2018-05-09T20:21:21Z">
          <reporter-output>
          </reporter-output>
        </test-method> <!-- testPosition -->
        <test-method status="PASS" signature="tearDownMethod()[pri:0, instance:dao.EchecsDaoNGTest@2133c8f8]" name="tearDownMethod" is-config="true" duration-ms="1" started-at="2018-05-09T20:21:21Z" finished-at="2018-05-09T20:21:21Z">
          <reporter-output>
          </reporter-output>
        </test-method> <!-- tearDownMethod -->
        <test-method status="PASS" signature="setUpMethod()[pri:0, instance:dao.EchecsDaoNGTest@2133c8f8]" name="setUpMethod" is-config="true" duration-ms="0" started-at="2018-05-09T20:21:21Z" finished-at="2018-05-09T20:21:21Z">
          <reporter-output>
          </reporter-output>
        </test-method> <!-- setUpMethod -->
        <test-method status="PASS" signature="testReadEchec()[pri:0, instance:dao.EchecsDaoNGTest@2133c8f8]" name="testReadEchec" duration-ms="74" started-at="2018-05-09T20:21:21Z" finished-at="2018-05-09T20:21:21Z">
          <reporter-output>
          </reporter-output>
        </test-method> <!-- testReadEchec -->
        <test-method status="PASS" signature="tearDownClass()[pri:0, instance:dao.EchecsDaoNGTest@2133c8f8]" name="tearDownClass" is-config="true" duration-ms="1" started-at="2018-05-09T20:21:21Z" finished-at="2018-05-09T20:21:21Z">
          <reporter-output>
          </reporter-output>
        </test-method> <!-- tearDownClass -->
        <test-method status="PASS" signature="tearDownMethod()[pri:0, instance:dao.EchecsDaoNGTest@2133c8f8]" name="tearDownMethod" is-config="true" duration-ms="0" started-at="2018-05-09T20:21:21Z" finished-at="2018-05-09T20:21:21Z">
          <reporter-output>
          </reporter-output>
        </test-method> <!-- tearDownMethod -->
      </class> <!-- dao.EchecsDaoNGTest -->
    </test> <!-- Command line test -->
  </suite> <!-- dao.EchecsDaoNGTest -->
</testng-results>
