<?xml version="1.0" encoding="UTF-8"?>
<testng-results skipped="0" failed="0" ignored="0" total="5" passed="5">
  <reporter-output>
  </reporter-output>
  <suite name="elo.JoueurNGTest" duration-ms="36" started-at="2018-04-20T07:04:35Z" finished-at="2018-04-20T07:04:35Z">
    <groups>
    </groups>
    <test name="Command line test" duration-ms="36" started-at="2018-04-20T07:04:35Z" finished-at="2018-04-20T07:04:35Z">
      <class name="elo.JoueurNGTest">
        <test-method status="PASS" signature="setUpClass()[pri:0, instance:elo.JoueurNGTest@506e6d5e]" name="setUpClass" is-config="true" duration-ms="12" started-at="2018-04-20T07:04:35Z" finished-at="2018-04-20T07:04:35Z">
          <reporter-output>
          </reporter-output>
        </test-method> <!-- setUpClass -->
        <test-method status="PASS" signature="setUpMethod()[pri:0, instance:elo.JoueurNGTest@506e6d5e]" name="setUpMethod" is-config="true" duration-ms="0" started-at="2018-04-20T07:04:35Z" finished-at="2018-04-20T07:04:35Z">
          <reporter-output>
          </reporter-output>
        </test-method> <!-- setUpMethod -->
        <test-method status="PASS" signature="testCompareTo()[pri:0, instance:elo.JoueurNGTest@506e6d5e]" name="testCompareTo" duration-ms="3" started-at="2018-04-20T07:04:35Z" finished-at="2018-04-20T07:04:35Z">
          <reporter-output>
          </reporter-output>
        </test-method> <!-- testCompareTo -->
        <test-method status="PASS" signature="tearDownMethod()[pri:0, instance:elo.JoueurNGTest@506e6d5e]" name="tearDownMethod" is-config="true" duration-ms="0" started-at="2018-04-20T07:04:35Z" finished-at="2018-04-20T07:04:35Z">
          <reporter-output>
          </reporter-output>
        </test-method> <!-- tearDownMethod -->
        <test-method status="PASS" signature="setUpMethod()[pri:0, instance:elo.JoueurNGTest@506e6d5e]" name="setUpMethod" is-config="true" duration-ms="1" started-at="2018-04-20T07:04:35Z" finished-at="2018-04-20T07:04:35Z">
          <reporter-output>
          </reporter-output>
        </test-method> <!-- setUpMethod -->
        <test-method status="PASS" signature="tearDownMethod()[pri:0, instance:elo.JoueurNGTest@506e6d5e]" name="tearDownMethod" is-config="true" duration-ms="0" started-at="2018-04-20T07:04:35Z" finished-at="2018-04-20T07:04:35Z">
          <reporter-output>
          </reporter-output>
        </test-method> <!-- tearDownMethod -->
        <test-method status="PASS" signature="testGetNom()[pri:0, instance:elo.JoueurNGTest@506e6d5e]" name="testGetNom" duration-ms="0" started-at="2018-04-20T07:04:35Z" finished-at="2018-04-20T07:04:35Z">
          <reporter-output>
          </reporter-output>
        </test-method> <!-- testGetNom -->
        <test-method status="PASS" signature="tearDownMethod()[pri:0, instance:elo.JoueurNGTest@506e6d5e]" name="tearDownMethod" is-config="true" duration-ms="0" started-at="2018-04-20T07:04:35Z" finished-at="2018-04-20T07:04:35Z">
          <reporter-output>
          </reporter-output>
        </test-method> <!-- tearDownMethod -->
        <test-method status="PASS" signature="testGetPoints()[pri:0, instance:elo.JoueurNGTest@506e6d5e]" name="testGetPoints" duration-ms="0" started-at="2018-04-20T07:04:35Z" finished-at="2018-04-20T07:04:35Z">
          <reporter-output>
          </reporter-output>
        </test-method> <!-- testGetPoints -->
        <test-method status="PASS" signature="setUpMethod()[pri:0, instance:elo.JoueurNGTest@506e6d5e]" name="setUpMethod" is-config="true" duration-ms="0" started-at="2018-04-20T07:04:35Z" finished-at="2018-04-20T07:04:35Z">
          <reporter-output>
          </reporter-output>
        </test-method> <!-- setUpMethod -->
        <test-method status="PASS" signature="testToString()[pri:0, instance:elo.JoueurNGTest@506e6d5e]" name="testToString" duration-ms="0" started-at="2018-04-20T07:04:35Z" finished-at="2018-04-20T07:04:35Z">
          <reporter-output>
          </reporter-output>
        </test-method> <!-- testToString -->
        <test-method status="PASS" signature="setUpMethod()[pri:0, instance:elo.JoueurNGTest@506e6d5e]" name="setUpMethod" is-config="true" duration-ms="0" started-at="2018-04-20T07:04:35Z" finished-at="2018-04-20T07:04:35Z">
          <reporter-output>
          </reporter-output>
        </test-method> <!-- setUpMethod -->
        <test-method status="PASS" signature="tearDownMethod()[pri:0, instance:elo.JoueurNGTest@506e6d5e]" name="tearDownMethod" is-config="true" duration-ms="0" started-at="2018-04-20T07:04:35Z" finished-at="2018-04-20T07:04:35Z">
          <reporter-output>
          </reporter-output>
        </test-method> <!-- tearDownMethod -->
        <test-method status="PASS" signature="setUpMethod()[pri:0, instance:elo.JoueurNGTest@506e6d5e]" name="setUpMethod" is-config="true" duration-ms="0" started-at="2018-04-20T07:04:35Z" finished-at="2018-04-20T07:04:35Z">
          <reporter-output>
          </reporter-output>
        </test-method> <!-- setUpMethod -->
        <test-method status="PASS" signature="testToText()[pri:0, instance:elo.JoueurNGTest@506e6d5e]" name="testToText" duration-ms="0" started-at="2018-04-20T07:04:35Z" finished-at="2018-04-20T07:04:35Z">
          <reporter-output>
          </reporter-output>
        </test-method> <!-- testToText -->
        <test-method status="PASS" signature="tearDownClass()[pri:0, instance:elo.JoueurNGTest@506e6d5e]" name="tearDownClass" is-config="true" duration-ms="0" started-at="2018-04-20T07:04:35Z" finished-at="2018-04-20T07:04:35Z">
          <reporter-output>
          </reporter-output>
        </test-method> <!-- tearDownClass -->
        <test-method status="PASS" signature="tearDownMethod()[pri:0, instance:elo.JoueurNGTest@506e6d5e]" name="tearDownMethod" is-config="true" duration-ms="0" started-at="2018-04-20T07:04:35Z" finished-at="2018-04-20T07:04:35Z">
          <reporter-output>
          </reporter-output>
        </test-method> <!-- tearDownMethod -->
      </class> <!-- elo.JoueurNGTest -->
    </test> <!-- Command line test -->
  </suite> <!-- elo.JoueurNGTest -->
</testng-results>
